2025-09-21 17:04:17,184 - INFO - app.youtube.run.20250921_170417 - Iniciando extração em lote de 13 canais
2025-09-21 17:04:17,184 - INFO - app.youtube.run.20250921_170417 - Iniciando extração em lote de 13 canais
2025-09-21 17:04:17,221 - INFO - app.youtube.run.20250921_170417 - Processando canal 1/13: @ColeMedin
2025-09-21 17:04:17,221 - INFO - app.youtube.run.20250921_170417 - Processando canal 1/13: @ColeMedin
2025-09-21 17:04:17,983 - INFO - youtube_extractor - Extraindo vídeos do canal @ColeMedin (max_age_days=30, videos_tab_only=True, max_videos=30)
2025-09-21 17:04:18,200 - INFO - youtube_extractor - Aba /videos: analisados=11, válidos=10, ignorados: live=0, upcoming=0, sem_data=0, antigos=1, shelves=0
2025-09-21 17:04:18,200 - INFO - youtube_extractor - Aba /videos: 10 vídeos válidos (≤ 30 dias)
2025-09-21 17:04:18,200 - INFO - app.youtube.run.20250921_170417 - Canal @ColeMedin extraído com sucesso. Vídeos dentro do critério: 10
2025-09-21 17:04:18,200 - INFO - app.youtube.run.20250921_170417 - Canal @ColeMedin extraído com sucesso. Vídeos dentro do critério: 10
2025-09-21 17:04:18,902 - INFO - app.youtube.run.20250921_170417 - Vídeo BcvjGTxzK40 executado no modo simple (transcrição não aplicada).
2025-09-21 17:04:18,902 - INFO - app.youtube.run.20250921_170417 - Vídeo BcvjGTxzK40 executado no modo simple (transcrição não aplicada).
2025-09-21 17:04:19,499 - INFO - app.youtube.run.20250921_170417 - Vídeo 5gUR55_gbzc executado no modo simple (transcrição não aplicada).
2025-09-21 17:04:19,499 - INFO - app.youtube.run.20250921_170417 - Vídeo 5gUR55_gbzc executado no modo simple (transcrição não aplicada).
2025-09-21 17:04:20,246 - INFO - app.youtube.run.20250921_170417 - Vídeo iV5RZ_XKXBc executado no modo simple (transcrição não aplicada).
2025-09-21 17:04:20,246 - INFO - app.youtube.run.20250921_170417 - Vídeo iV5RZ_XKXBc executado no modo simple (transcrição não aplicada).
2025-09-21 17:04:20,943 - INFO - app.youtube.run.20250921_170417 - Vídeo HJ9VvIG3Rps executado no modo simple (transcrição não aplicada).
2025-09-21 17:04:20,943 - INFO - app.youtube.run.20250921_170417 - Vídeo HJ9VvIG3Rps executado no modo simple (transcrição não aplicada).
2025-09-21 17:04:21,685 - INFO - app.youtube.run.20250921_170417 - Vídeo OFfwN23hR8U executado no modo simple (transcrição não aplicada).
2025-09-21 17:04:21,685 - INFO - app.youtube.run.20250921_170417 - Vídeo OFfwN23hR8U executado no modo simple (transcrição não aplicada).
2025-09-21 17:04:22,316 - INFO - app.youtube.run.20250921_170417 - Vídeo yAFzPzpzJHU executado no modo simple (transcrição não aplicada).
2025-09-21 17:04:22,316 - INFO - app.youtube.run.20250921_170417 - Vídeo yAFzPzpzJHU executado no modo simple (transcrição não aplicada).
2025-09-21 17:04:22,920 - INFO - app.youtube.run.20250921_170417 - Vídeo 8pRc_s2VQIo executado no modo simple (transcrição não aplicada).
2025-09-21 17:04:22,920 - INFO - app.youtube.run.20250921_170417 - Vídeo 8pRc_s2VQIo executado no modo simple (transcrição não aplicada).
2025-09-21 17:04:23,562 - INFO - app.youtube.run.20250921_170417 - Vídeo amEUIuBKwvg executado no modo simple (transcrição não aplicada).
2025-09-21 17:04:23,562 - INFO - app.youtube.run.20250921_170417 - Vídeo amEUIuBKwvg executado no modo simple (transcrição não aplicada).
2025-09-21 17:04:24,257 - INFO - app.youtube.run.20250921_170417 - Vídeo F1I9JN0z0w0 executado no modo simple (transcrição não aplicada).
2025-09-21 17:04:24,257 - INFO - app.youtube.run.20250921_170417 - Vídeo F1I9JN0z0w0 executado no modo simple (transcrição não aplicada).
2025-09-21 17:04:25,268 - INFO - app.youtube.run.20250921_170417 - Vídeo ni8Xl0ANx0E executado no modo simple (transcrição não aplicada).
2025-09-21 17:04:25,268 - INFO - app.youtube.run.20250921_170417 - Vídeo ni8Xl0ANx0E executado no modo simple (transcrição não aplicada).
2025-09-21 17:04:25,268 - INFO - app.youtube.run.20250921_170417 - Processando canal 2/13: @DanGalletta
2025-09-21 17:04:25,268 - INFO - app.youtube.run.20250921_170417 - Processando canal 2/13: @DanGalletta
2025-09-21 17:04:25,576 - INFO - youtube_extractor - Extraindo vídeos do canal @DanGalletta (max_age_days=30, videos_tab_only=True, max_videos=30)
2025-09-21 17:04:25,794 - INFO - youtube_extractor - Aba /videos: analisados=2, válidos=1, ignorados: live=0, upcoming=0, sem_data=0, antigos=1, shelves=0
2025-09-21 17:04:25,795 - INFO - youtube_extractor - Aba /videos: 1 vídeos válidos (≤ 30 dias)
2025-09-21 17:04:25,796 - INFO - app.youtube.run.20250921_170417 - Canal @DanGalletta extraído com sucesso. Vídeos dentro do critério: 1
2025-09-21 17:04:25,796 - INFO - app.youtube.run.20250921_170417 - Canal @DanGalletta extraído com sucesso. Vídeos dentro do critério: 1
2025-09-21 17:04:26,428 - INFO - app.youtube.run.20250921_170417 - Vídeo 0AmYV2XMb7c executado no modo simple (transcrição não aplicada).
2025-09-21 17:04:26,428 - INFO - app.youtube.run.20250921_170417 - Vídeo 0AmYV2XMb7c executado no modo simple (transcrição não aplicada).
2025-09-21 17:04:26,429 - INFO - app.youtube.run.20250921_170417 - Processando canal 3/13: @DataCouncil
2025-09-21 17:04:26,429 - INFO - app.youtube.run.20250921_170417 - Processando canal 3/13: @DataCouncil
2025-09-21 17:04:26,807 - INFO - youtube_extractor - Extraindo vídeos do canal @DataCouncil (max_age_days=30, videos_tab_only=True, max_videos=30)
2025-09-21 17:04:27,083 - INFO - youtube_extractor - Aba /videos: analisados=2, válidos=1, ignorados: live=0, upcoming=0, sem_data=0, antigos=1, shelves=0
2025-09-21 17:04:27,083 - INFO - youtube_extractor - Aba /videos: 1 vídeos válidos (≤ 30 dias)
2025-09-21 17:04:27,084 - INFO - app.youtube.run.20250921_170417 - Canal @DataCouncil extraído com sucesso. Vídeos dentro do critério: 1
2025-09-21 17:04:27,084 - INFO - app.youtube.run.20250921_170417 - Canal @DataCouncil extraído com sucesso. Vídeos dentro do critério: 1
2025-09-21 17:04:27,666 - INFO - app.youtube.run.20250921_170417 - Vídeo 2ngdwHw0vX4 executado no modo simple (transcrição não aplicada).
2025-09-21 17:04:27,666 - INFO - app.youtube.run.20250921_170417 - Vídeo 2ngdwHw0vX4 executado no modo simple (transcrição não aplicada).
2025-09-21 17:04:27,666 - INFO - app.youtube.run.20250921_170417 - Processando canal 4/13: @Incomestreamsurfers
2025-09-21 17:04:27,666 - INFO - app.youtube.run.20250921_170417 - Processando canal 4/13: @Incomestreamsurfers
2025-09-21 17:04:28,074 - INFO - youtube_extractor - Extraindo vídeos do canal @Incomestreamsurfers (max_age_days=30, videos_tab_only=True, max_videos=30)
2025-09-21 17:04:28,360 - INFO - youtube_extractor - Aba /videos: analisados=30, válidos=30, ignorados: live=0, upcoming=0, sem_data=0, antigos=0, shelves=0
2025-09-21 17:04:28,361 - INFO - youtube_extractor - Aba /videos: 30 vídeos válidos (≤ 30 dias)
2025-09-21 17:04:28,361 - INFO - app.youtube.run.20250921_170417 - Canal @Incomestreamsurfers extraído com sucesso. Vídeos dentro do critério: 30
2025-09-21 17:04:28,361 - INFO - app.youtube.run.20250921_170417 - Canal @Incomestreamsurfers extraído com sucesso. Vídeos dentro do critério: 30
2025-09-21 17:04:28,954 - INFO - app.youtube.run.20250921_170417 - Vídeo PljZOdMYYr0 executado no modo simple (transcrição não aplicada).
2025-09-21 17:04:28,954 - INFO - app.youtube.run.20250921_170417 - Vídeo PljZOdMYYr0 executado no modo simple (transcrição não aplicada).
2025-09-21 17:04:29,568 - INFO - app.youtube.run.20250921_170417 - Vídeo EKk6yZiMMtc executado no modo simple (transcrição não aplicada).
2025-09-21 17:04:29,568 - INFO - app.youtube.run.20250921_170417 - Vídeo EKk6yZiMMtc executado no modo simple (transcrição não aplicada).
2025-09-21 17:04:30,149 - INFO - app.youtube.run.20250921_170417 - Vídeo rw_CCEFe4ks executado no modo simple (transcrição não aplicada).
2025-09-21 17:04:30,149 - INFO - app.youtube.run.20250921_170417 - Vídeo rw_CCEFe4ks executado no modo simple (transcrição não aplicada).
2025-09-21 17:04:30,767 - INFO - app.youtube.run.20250921_170417 - Vídeo 6_CO0ilERA4 executado no modo simple (transcrição não aplicada).
2025-09-21 17:04:30,767 - INFO - app.youtube.run.20250921_170417 - Vídeo 6_CO0ilERA4 executado no modo simple (transcrição não aplicada).
2025-09-21 17:04:31,335 - INFO - app.youtube.run.20250921_170417 - Vídeo vKcTIf9hJr0 executado no modo simple (transcrição não aplicada).
2025-09-21 17:04:31,335 - INFO - app.youtube.run.20250921_170417 - Vídeo vKcTIf9hJr0 executado no modo simple (transcrição não aplicada).
2025-09-21 17:04:31,922 - INFO - app.youtube.run.20250921_170417 - Vídeo iCnRbfWqDN8 executado no modo simple (transcrição não aplicada).
2025-09-21 17:04:31,922 - INFO - app.youtube.run.20250921_170417 - Vídeo iCnRbfWqDN8 executado no modo simple (transcrição não aplicada).
2025-09-21 17:04:32,732 - INFO - app.youtube.run.20250921_170417 - Vídeo pyc2SieEZXc executado no modo simple (transcrição não aplicada).
2025-09-21 17:04:32,732 - INFO - app.youtube.run.20250921_170417 - Vídeo pyc2SieEZXc executado no modo simple (transcrição não aplicada).
2025-09-21 17:04:33,406 - INFO - app.youtube.run.20250921_170417 - Vídeo 5AyoszGZHHU executado no modo simple (transcrição não aplicada).
2025-09-21 17:04:33,406 - INFO - app.youtube.run.20250921_170417 - Vídeo 5AyoszGZHHU executado no modo simple (transcrição não aplicada).
2025-09-21 17:04:34,659 - INFO - app.youtube.run.20250921_170417 - Vídeo Gpt2em_robs executado no modo simple (transcrição não aplicada).
2025-09-21 17:04:34,659 - INFO - app.youtube.run.20250921_170417 - Vídeo Gpt2em_robs executado no modo simple (transcrição não aplicada).
